c:\users\austin\source\repos\snellslawcalculator\snellslawcalculator\x64\debug\snellslaw.obj
c:\users\austin\source\repos\snellslawcalculator\snellslawcalculator\x64\debug\angle.obj
c:\users\austin\source\repos\snellslawcalculator\snellslawcalculator\x64\debug\main.obj
c:\users\austin\source\repos\snellslawcalculator\snellslawcalculator\x64\debug\snellslawcalculator.obj
c:\users\austin\source\repos\snellslawcalculator\snellslawcalculator\x64\debug\snellslawcontroller.obj
c:\users\austin\source\repos\snellslawcalculator\snellslawcalculator\x64\debug\vc142.pdb
c:\users\austin\source\repos\snellslawcalculator\snellslawcalculator\x64\debug\moc_snellslawcontroller.obj
c:\users\austin\source\repos\snellslawcalculator\snellslawcalculator\x64\debug\moc_snellslaw.obj
c:\users\austin\source\repos\snellslawcalculator\snellslawcalculator\x64\debug\moc_snellslawcalculator.obj
c:\users\austin\source\repos\snellslawcalculator\snellslawcalculator\x64\debug\qrc_snellslawcalculator.obj
c:\users\austin\source\repos\snellslawcalculator\x64\debug\snellslawcalculator.exe
c:\users\austin\source\repos\snellslawcalculator\x64\debug\snellslawcalculator.ilk
c:\users\austin\source\repos\snellslawcalculator\x64\debug\snellslawcalculator.pdb
c:\users\austin\source\repos\snellslawcalculator\snellslawcalculator\x64\debug\moc\moc_snellslawcalculator.cpp
c:\users\austin\source\repos\snellslawcalculator\snellslawcalculator\x64\debug\moc\moc_snellslawcontroller.cpp
c:\users\austin\source\repos\snellslawcalculator\snellslawcalculator\x64\debug\moc\moc_snellslaw.cpp
c:\users\austin\source\repos\snellslawcalculator\snellslawcalculator\x64\debug\rcc\qrc_snellslawcalculator.cpp
c:\users\austin\source\repos\snellslawcalculator\snellslawcalculator\x64\debug\uic\ui_snellslawcalculator.h
c:\users\austin\source\repos\snellslawcalculator\snellslawcalculator\x64\debug\snellsla.e9249db3.tlog\cl.command.1.tlog
c:\users\austin\source\repos\snellslawcalculator\snellslawcalculator\x64\debug\snellsla.e9249db3.tlog\cl.read.1.tlog
c:\users\austin\source\repos\snellslawcalculator\snellslawcalculator\x64\debug\snellsla.e9249db3.tlog\cl.write.1.tlog
c:\users\austin\source\repos\snellslawcalculator\snellslawcalculator\x64\debug\snellsla.e9249db3.tlog\link.command.1.tlog
c:\users\austin\source\repos\snellslawcalculator\snellslawcalculator\x64\debug\snellsla.e9249db3.tlog\link.read.1.tlog
c:\users\austin\source\repos\snellslawcalculator\snellslawcalculator\x64\debug\snellsla.e9249db3.tlog\link.write.1.tlog
c:\users\austin\source\repos\snellslawcalculator\snellslawcalculator\x64\debug\snellsla.e9249db3.tlog\moc.read.1u.tlog
c:\users\austin\source\repos\snellslawcalculator\snellslawcalculator\x64\debug\snellsla.e9249db3.tlog\moc.write.1u.tlog
c:\users\austin\source\repos\snellslawcalculator\snellslawcalculator\x64\debug\snellsla.e9249db3.tlog\rcc.read.1u.tlog
c:\users\austin\source\repos\snellslawcalculator\snellslawcalculator\x64\debug\snellsla.e9249db3.tlog\rcc.write.1u.tlog
c:\users\austin\source\repos\snellslawcalculator\snellslawcalculator\x64\debug\snellsla.e9249db3.tlog\snellslawcalculator.write.1u.tlog
c:\users\austin\source\repos\snellslawcalculator\snellslawcalculator\x64\debug\snellsla.e9249db3.tlog\uic.read.1u.tlog
c:\users\austin\source\repos\snellslawcalculator\snellslawcalculator\x64\debug\snellsla.e9249db3.tlog\uic.write.1u.tlog
